<?xml version="1.0" encoding="UTF-8"?>
<testsuite name="fr.miage.BoardTest" time="0.028" tests="20" errors="19" skipped="0" failures="0">
  <properties>
    <property name="idea.plugins.compatible.build" value="172.9999"/>
    <property name="jna.platform.library.path" value="/usr/lib/x86_64-linux-gnu:/lib/x86_64-linux-gnu:/lib64:/usr/lib:/lib:/usr/lib/x86_64-linux-gnu/libfakeroot:/usr/lib/x86_64-linux-gnu/mesa:/usr/lib/x86_64-linux-gnu/mesa-egl"/>
    <property name="java.runtime.name" value="Java(TM) SE Runtime Environment"/>
    <property name="sun.boot.library.path" value="/usr/lib/jvm/java-8-oracle/jre/lib/amd64"/>
    <property name="java.vm.version" value="25.151-b12"/>
    <property name="java.vm.vendor" value="Oracle Corporation"/>
    <property name="maven.multiModuleProjectDirectory" value="/home/landschoot/IdeaProjects/CARA/Game-of-life-kotlin"/>
    <property name="java.vendor.url" value="http://java.oracle.com/"/>
    <property name="path.separator" value=":"/>
    <property name="guice.disable.misplaced.annotation.check" value="true"/>
    <property name="java.vm.name" value="Java HotSpot(TM) 64-Bit Server VM"/>
    <property name="file.encoding.pkg" value="sun.io"/>
    <property name="jna.loaded" value="true"/>
    <property name="user.country" value="FR"/>
    <property name="sun.java.launcher" value="SUN_STANDARD"/>
    <property name="sun.os.patch.level" value="unknown"/>
    <property name="java.vm.specification.name" value="Java Virtual Machine Specification"/>
    <property name="user.dir" value="/home/landschoot/IdeaProjects/CARA/Game-of-life-kotlin"/>
    <property name="java.runtime.version" value="1.8.0_151-b12"/>
    <property name="java.awt.graphicsenv" value="sun.awt.X11GraphicsEnvironment"/>
    <property name="java.endorsed.dirs" value="/usr/lib/jvm/java-8-oracle/jre/lib/endorsed"/>
    <property name="os.arch" value="amd64"/>
    <property name="java.io.tmpdir" value="/tmp"/>
    <property name="line.separator" value="&#10;"/>
    <property name="java.vm.specification.vendor" value="Oracle Corporation"/>
    <property name="os.name" value="Linux"/>
    <property name="classworlds.conf" value="/usr/share/maven/bin/m2.conf"/>
    <property name="sun.jnu.encoding" value="UTF-8"/>
    <property name="jnidispatch.path" value="/tmp/jna-1400607015/jna1299268017837461466.tmp"/>
    <property name="java.library.path" value="/opt/idea-IU-172.4343.14/bin::/usr/java/packages/lib/amd64:/usr/lib64:/lib64:/lib:/usr/lib"/>
    <property name="java.specification.name" value="Java Platform API Specification"/>
    <property name="java.class.version" value="52.0"/>
    <property name="sun.management.compiler" value="HotSpot 64-Bit Tiered Compilers"/>
    <property name="os.version" value="4.10.0-42-generic"/>
    <property name="user.home" value="/home/landschoot"/>
    <property name="user.timezone" value="Europe/Paris"/>
    <property name="java.awt.printerjob" value="sun.print.PSPrinterJob"/>
    <property name="java.specification.version" value="1.8"/>
    <property name="file.encoding" value="UTF-8"/>
    <property name="user.name" value="landschoot"/>
    <property name="java.class.path" value="/usr/share/maven/boot/plexus-classworlds-2.x.jar"/>
    <property name="java.vm.specification.version" value="1.8"/>
    <property name="sun.arch.data.model" value="64"/>
    <property name="java.home" value="/usr/lib/jvm/java-8-oracle/jre"/>
    <property name="sun.java.command" value="org.codehaus.plexus.classworlds.launcher.Launcher clean install"/>
    <property name="java.specification.vendor" value="Oracle Corporation"/>
    <property name="user.language" value="fr"/>
    <property name="awt.toolkit" value="sun.awt.X11.XToolkit"/>
    <property name="java.vm.info" value="mixed mode"/>
    <property name="java.version" value="1.8.0_151"/>
    <property name="java.ext.dirs" value="/usr/lib/jvm/java-8-oracle/jre/lib/ext:/usr/java/packages/lib/ext"/>
    <property name="securerandom.source" value="file:/dev/./urandom"/>
    <property name="sun.boot.class.path" value="/usr/lib/jvm/java-8-oracle/jre/lib/resources.jar:/usr/lib/jvm/java-8-oracle/jre/lib/rt.jar:/usr/lib/jvm/java-8-oracle/jre/lib/sunrsasign.jar:/usr/lib/jvm/java-8-oracle/jre/lib/jsse.jar:/usr/lib/jvm/java-8-oracle/jre/lib/jce.jar:/usr/lib/jvm/java-8-oracle/jre/lib/charsets.jar:/usr/lib/jvm/java-8-oracle/jre/lib/jfr.jar:/usr/lib/jvm/java-8-oracle/jre/classes"/>
    <property name="java.vendor" value="Oracle Corporation"/>
    <property name="maven.home" value="/usr/share/maven"/>
    <property name="file.separator" value="/"/>
    <property name="java.vendor.url.bug" value="http://bugreport.sun.com/bugreport/"/>
    <property name="sun.cpu.endian" value="little"/>
    <property name="sun.io.unicode.encoding" value="UnicodeLittle"/>
    <property name="sun.desktop" value="gnome"/>
    <property name="sun.cpu.isalist" value=""/>
  </properties>
  <testcase name="testTwoIterationOfTheGameWithBlinker" classname="fr.miage.BoardTest" time="0.017">
    <error message="An operation is not implemented." type="kotlin.NotImplementedError"><![CDATA[kotlin.NotImplementedError: An operation is not implemented.
	at fr.miage.game.Board.<init>(Board.kt:21)
	at fr.miage.BoardTest.testTwoIterationOfTheGameWithBlinker(BoardTest.kt:64)
]]></error>
  </testcase>
  <testcase name="testNoCellAlive" classname="fr.miage.BoardTest" time="0.006"/>
  <testcase name="testOneCellAlive" classname="fr.miage.BoardTest" time="0.001">
    <error message="An operation is not implemented." type="kotlin.NotImplementedError"><![CDATA[kotlin.NotImplementedError: An operation is not implemented.
	at fr.miage.game.Board.<init>(Board.kt:21)
	at fr.miage.BoardTest.testOneCellAlive(BoardTest.kt:209)
]]></error>
  </testcase>
  <testcase name="testOneIterationOfTheGameWithStableStructure" classname="fr.miage.BoardTest" time="0">
    <error message="An operation is not implemented." type="kotlin.NotImplementedError"><![CDATA[kotlin.NotImplementedError: An operation is not implemented.
	at fr.miage.game.Board.<init>(Board.kt:21)
	at fr.miage.BoardTest.testOneIterationOfTheGameWithStableStructure(BoardTest.kt:22)
]]></error>
  </testcase>
  <testcase name="testSeveralIterationOfTheGameWithStableStructure" classname="fr.miage.BoardTest" time="0">
    <error message="An operation is not implemented." type="kotlin.NotImplementedError"><![CDATA[kotlin.NotImplementedError: An operation is not implemented.
	at fr.miage.game.Board.<init>(Board.kt:21)
	at fr.miage.BoardTest.testSeveralIterationOfTheGameWithStableStructure(BoardTest.kt:40)
]]></error>
  </testcase>
  <testcase name="testAllCellsAreAlive" classname="fr.miage.BoardTest" time="0.001">
    <error message="An operation is not implemented." type="kotlin.NotImplementedError"><![CDATA[kotlin.NotImplementedError: An operation is not implemented.
	at fr.miage.game.Board.<init>(Board.kt:21)
	at fr.miage.BoardTest.testAllCellsAreAlive(BoardTest.kt:226)
]]></error>
  </testcase>
  <testcase name="testDifferenceBetweenCells1" classname="fr.miage.BoardTest" time="0">
    <error message="An operation is not implemented." type="kotlin.NotImplementedError"><![CDATA[kotlin.NotImplementedError: An operation is not implemented.
	at fr.miage.game.Board.<init>(Board.kt:21)
	at fr.miage.BoardTest.testDifferenceBetweenCells1(BoardTest.kt:245)
]]></error>
  </testcase>
  <testcase name="testDifferenceBetweenCells2" classname="fr.miage.BoardTest" time="0.001">
    <error message="An operation is not implemented." type="kotlin.NotImplementedError"><![CDATA[kotlin.NotImplementedError: An operation is not implemented.
	at fr.miage.game.Board.<init>(Board.kt:21)
	at fr.miage.BoardTest.testDifferenceBetweenCells2(BoardTest.kt:259)
]]></error>
  </testcase>
  <testcase name="testDifferenceBetweenCells3" classname="fr.miage.BoardTest" time="0">
    <error message="An operation is not implemented." type="kotlin.NotImplementedError"><![CDATA[kotlin.NotImplementedError: An operation is not implemented.
	at fr.miage.game.Board.<init>(Board.kt:21)
	at fr.miage.BoardTest.testDifferenceBetweenCells3(BoardTest.kt:273)
]]></error>
  </testcase>
  <testcase name="testGetNextStateAliveAnd4Neighbors" classname="fr.miage.BoardTest" time="0">
    <error message="An operation is not implemented." type="kotlin.NotImplementedError">kotlin.NotImplementedError: An operation is not implemented.
	at fr.miage.BoardTest.testGetNextStateAliveAnd4Neighbors(BoardTest.kt:178)
</error>
  </testcase>
  <testcase name="testGetNextStateDeadAnd0Neighbor" classname="fr.miage.BoardTest" time="0.001">
    <error message="An operation is not implemented." type="kotlin.NotImplementedError">kotlin.NotImplementedError: An operation is not implemented.
	at fr.miage.BoardTest.testGetNextStateDeadAnd0Neighbor(BoardTest.kt:130)
</error>
  </testcase>
  <testcase name="testGetNextStateAliveAnd3Neighbors" classname="fr.miage.BoardTest" time="0">
    <error message="An operation is not implemented." type="kotlin.NotImplementedError">kotlin.NotImplementedError: An operation is not implemented.
	at fr.miage.BoardTest.testGetNextStateAliveAnd3Neighbors(BoardTest.kt:166)
</error>
  </testcase>
  <testcase name="testGetNextStateDeadAnd4Neighbors" classname="fr.miage.BoardTest" time="0">
    <error message="An operation is not implemented." type="kotlin.NotImplementedError">kotlin.NotImplementedError: An operation is not implemented.
	at fr.miage.BoardTest.testGetNextStateDeadAnd4Neighbors(BoardTest.kt:160)
</error>
  </testcase>
  <testcase name="testGetNextStateAliveAnd2Neighbors" classname="fr.miage.BoardTest" time="0">
    <error message="An operation is not implemented." type="kotlin.NotImplementedError">kotlin.NotImplementedError: An operation is not implemented.
	at fr.miage.BoardTest.testGetNextStateAliveAnd2Neighbors(BoardTest.kt:148)
</error>
  </testcase>
  <testcase name="testGetNextStateDeadAnd3Neighbors" classname="fr.miage.BoardTest" time="0">
    <error message="An operation is not implemented." type="kotlin.NotImplementedError">kotlin.NotImplementedError: An operation is not implemented.
	at fr.miage.BoardTest.testGetNextStateDeadAnd3Neighbors(BoardTest.kt:172)
</error>
  </testcase>
  <testcase name="testGetNextStateAliveAnd1Neighbour" classname="fr.miage.BoardTest" time="0">
    <error message="An operation is not implemented." type="kotlin.NotImplementedError">kotlin.NotImplementedError: An operation is not implemented.
	at fr.miage.BoardTest.testGetNextStateAliveAnd1Neighbour(BoardTest.kt:136)
</error>
  </testcase>
  <testcase name="testGetNextStateDeadAnd2Neighbors" classname="fr.miage.BoardTest" time="0">
    <error message="An operation is not implemented." type="kotlin.NotImplementedError">kotlin.NotImplementedError: An operation is not implemented.
	at fr.miage.BoardTest.testGetNextStateDeadAnd2Neighbors(BoardTest.kt:154)
</error>
  </testcase>
  <testcase name="testGetNextStateDeadAnd1Neighbour" classname="fr.miage.BoardTest" time="0.001">
    <error message="An operation is not implemented." type="kotlin.NotImplementedError">kotlin.NotImplementedError: An operation is not implemented.
	at fr.miage.BoardTest.testGetNextStateDeadAnd1Neighbour(BoardTest.kt:142)
</error>
  </testcase>
  <testcase name="testGetNextStateAliveAnd0Neighbor" classname="fr.miage.BoardTest" time="0">
    <error message="An operation is not implemented." type="kotlin.NotImplementedError"><![CDATA[kotlin.NotImplementedError: An operation is not implemented.
	at fr.miage.game.Board.<init>(Board.kt:21)
	at fr.miage.BoardTest.testGetNextStateAliveAnd0Neighbor(BoardTest.kt:118)
]]></error>
  </testcase>
  <testcase name="testGetNeighbors" classname="fr.miage.BoardTest" time="0">
    <error message="An operation is not implemented." type="kotlin.NotImplementedError"><![CDATA[kotlin.NotImplementedError: An operation is not implemented.
	at fr.miage.game.Board.<init>(Board.kt:21)
	at fr.miage.BoardTest.testGetNeighbors(BoardTest.kt:194)
]]></error>
  </testcase>
</testsuite>